{"/Users/joshuakimble/Documents/workspace/node-coding-challenge/src/db/db.ts": {"path":"/Users/joshuakimble/Documents/workspace/node-coding-challenge/src/db/db.ts","statementMap":{"0":{"start":{"line":1,"column":0},"end":{"line":1,"column":26}},"1":{"start":{"line":3,"column":59},"end":{"line":3,"column":70}},"2":{"start":{"line":6,"column":13},"end":{"line":12,"column":2}},"3":{"start":{"line":14,"column":0},"end":{"line":14,"column":20}}},"fnMap":{},"branchMap":{},"s":{"0":1,"1":1,"2":1,"3":1},"f":{},"b":{}}
,"/Users/joshuakimble/Documents/workspace/node-coding-challenge/src/server/app.ts": {"path":"/Users/joshuakimble/Documents/workspace/node-coding-challenge/src/server/app.ts","statementMap":{"0":{"start":{"line":1,"column":0},"end":{"line":1,"column":71}},"1":{"start":{"line":3,"column":0},"end":{"line":3,"column":28}},"2":{"start":{"line":5,"column":12},"end":{"line":5,"column":21}},"3":{"start":{"line":7,"column":20},"end":{"line":11,"column":95}},"4":{"start":{"line":8,"column":2},"end":{"line":11,"column":95}},"5":{"start":{"line":10,"column":16},"end":{"line":10,"column":35}},"6":{"start":{"line":11,"column":29},"end":{"line":11,"column":94}},"7":{"start":{"line":13,"column":0},"end":{"line":13,"column":16}},"8":{"start":{"line":14,"column":0},"end":{"line":14,"column":40}},"9":{"start":{"line":15,"column":0},"end":{"line":15,"column":32}},"10":{"start":{"line":17,"column":0},"end":{"line":17,"column":19}}},"fnMap":{"0":{"name":"(anonymous_7)","decl":{"start":{"line":7,"column":20},"end":{"line":7,"column":21}},"loc":{"start":{"line":8,"column":2},"end":{"line":11,"column":95}}},"1":{"name":"(anonymous_8)","decl":{"start":{"line":10,"column":10},"end":{"line":10,"column":13}},"loc":{"start":{"line":10,"column":16},"end":{"line":10,"column":35}}},"2":{"name":"(anonymous_9)","decl":{"start":{"line":11,"column":11},"end":{"line":11,"column":12}},"loc":{"start":{"line":11,"column":29},"end":{"line":11,"column":94}}}},"branchMap":{},"s":{"0":1,"1":1,"2":1,"3":1,"4":2,"5":1,"6":1,"7":1,"8":1,"9":1,"10":1},"f":{"0":2,"1":1,"2":1},"b":{}}
}
